<?xml version="1.0" encoding="UTF-8"?>
<!-- Generated by org.testng.reporters.JUnitXMLReporter -->
<testsuite hostname="LAPTOP-GKQNQ4EU" ignored="0" name="Default test" tests="5" failures="0" timestamp="11 Jun 2021 04:23:49 GMT" time="29.006" errors="0">
  <testcase name="validUserPswd" time="7.059" classname="testcases.ProjectSearchTestng"/>
  <testcase name="projectclick" time="5.345" classname="testcases.ProjectSearchTestng"/>
  <testcase name="projectSearch" time="8.177" classname="testcases.ProjectSearchTestng"/>
  <testcase name="checkProjectName" time="0.034" classname="testcases.ProjectSearchTestng"/>
  <testcase name="checkProject" time="5.005" classname="testcases.ProjectSearchTestng"/>
</testsuite> <!-- Default test -->
