<?xml version="1.0" encoding="UTF-8"?>
<!-- Generated by org.testng.reporters.JUnitXMLReporter -->
<testsuite hostname="LAPTOP-GKQNQ4EU" ignored="0" name="Test" tests="37" failures="0" timestamp="11 Jun 2021 04:26:31 GMT" time="105.011" errors="0">
  <testcase name="urlVerification" time="0.035" classname="testcases.UrlTitle"/>
  <testcase name="invaildUsernameValidPswd" time="8.569" classname="testcases.TestLogin"/>
  <testcase name="projectclick" time="14.098" classname="testcases.ProfileTestNG"/>
  <testcase name="validUserPswd" time="19.996" classname="testcases.BugTestng"/>
  <testcase name="validUserPswd" time="23.455" classname="testcases.TaskTestng"/>
  <testcase name="validUserPswd" time="24.61" classname="testcases.OpportunitiesTestng"/>
  <testcase name="validUserPswd" time="24.751" classname="testcases.ProjectSearchTestng"/>
  <testcase name="validUserPswd" time="26.502" classname="testcases.SignOutTestng"/>
  <testcase name="titleVerification" time="0.044" classname="testcases.UrlTitle"/>
  <testcase name="tasks" time="5.146" classname="testcases.TaskTestng"/>
  <testcase name="validUserInvalidPswd" time="7.802" classname="testcases.TestLogin"/>
  <testcase name="bugtab" time="8.504" classname="testcases.BugTestng"/>
  <testcase name="opportunitiesopen" time="9.383" classname="testcases.OpportunitiesTestng"/>
  <testcase name="SignOut" time="9.801" classname="testcases.SignOutTestng"/>
  <testcase name="projectclick" time="10.391" classname="testcases.ProjectSearchTestng"/>
  <testcase name="addNameInNewProject" time="11.15" classname="testcases.ProfileTestNG"/>
  <testcase name="projectNamefieldpresent" time="0.062" classname="testcases.ProfileTestNG"/>
  <testcase name="newbug" time="3.165" classname="testcases.BugTestng"/>
  <testcase name="validUserPswd" time="4.214" classname="testcases.TestLogin"/>
  <testcase name="newtasks" time="4.275" classname="testcases.TaskTestng"/>
  <testcase name="newOpportunities" time="4.648" classname="testcases.OpportunitiesTestng"/>
  <testcase name="projectSearch" time="8.388" classname="testcases.ProjectSearchTestng"/>
  <testcase name="checkProjectName" time="0.065" classname="testcases.ProjectSearchTestng"/>
  <testcase name="issue" time="3.239" classname="testcases.BugTestng"/>
  <testcase name="taskName" time="4.224" classname="testcases.TaskTestng"/>
  <testcase name="selectClientSelected" time="4.523" classname="testcases.ProfileTestNG"/>
  <testcase name="budTittle" time="3.273" classname="testcases.BugTestng"/>
  <testcase name="selectProjectStartDate" time="4.306" classname="testcases.ProfileTestNG"/>
  <testcase name="relatedTo" time="4.337" classname="testcases.TaskTestng"/>
  <testcase name="checkProject" time="5.232" classname="testcases.ProjectSearchTestng"/>
  <testcase name="budrelated" time="3.265" classname="testcases.BugTestng"/>
  <testcase name="selectProjectendtDate" time="4.25" classname="testcases.ProfileTestNG"/>
  <testcase name="dueDatee" time="4.255" classname="testcases.TaskTestng"/>
  <testcase name="checkRadioButton" time="8.474" classname="testcases.ProfileTestNG"/>
  <testcase name="taskSave" time="12.236" classname="testcases.TaskTestng"/>
  <testcase name="savebug" time="12.253" classname="testcases.BugTestng"/>
  <testcase name="ProjectSave" time="7.708" classname="testcases.ProfileTestNG"/>
</testsuite> <!-- Test -->
