<?xml version="1.0" encoding="UTF-8"?>
<testng-results skipped="0" failed="0" ignored="0" total="37" passed="37">
  <reporter-output>
  </reporter-output>
  <suite name="Suite" duration-ms="105011" started-at="2021-06-11T04:24:46Z" finished-at="2021-06-11T04:26:31Z">
    <groups>
    </groups>
    <test name="Test" duration-ms="105011" started-at="2021-06-11T04:24:46Z" finished-at="2021-06-11T04:26:31Z">
      <class name="testcases.TestLogin">
        <test-method status="PASS" signature="invaildUsernameValidPswd()[pri:1, instance:testcases.TestLogin@13deb50e]" name="invaildUsernameValidPswd" duration-ms="8569" started-at="2021-06-11T04:25:10Z" finished-at="2021-06-11T04:25:18Z">
          <reporter-output>
          </reporter-output>
        </test-method> <!-- invaildUsernameValidPswd -->
        <test-method status="PASS" signature="validUserInvalidPswd()[pri:2, instance:testcases.TestLogin@13deb50e]" name="validUserInvalidPswd" duration-ms="7802" started-at="2021-06-11T04:25:36Z" finished-at="2021-06-11T04:25:44Z">
          <reporter-output>
          </reporter-output>
        </test-method> <!-- validUserInvalidPswd -->
        <test-method status="PASS" signature="validUserPswd()[pri:3, instance:testcases.TestLogin@13deb50e]" name="validUserPswd" duration-ms="4214" started-at="2021-06-11T04:25:47Z" finished-at="2021-06-11T04:25:51Z">
          <reporter-output>
          </reporter-output>
        </test-method> <!-- validUserPswd -->
      </class> <!-- testcases.TestLogin -->
      <class name="testcases.UrlTitle">
        <test-method status="PASS" signature="urlVerification()[pri:1, instance:testcases.UrlTitle@f6c48ac]" name="urlVerification" duration-ms="35" started-at="2021-06-11T04:25:10Z" finished-at="2021-06-11T04:25:10Z">
          <reporter-output>
          </reporter-output>
        </test-method> <!-- urlVerification -->
        <test-method status="PASS" signature="titleVerification()[pri:2, instance:testcases.UrlTitle@f6c48ac]" name="titleVerification" duration-ms="44" started-at="2021-06-11T04:25:36Z" finished-at="2021-06-11T04:25:36Z">
          <reporter-output>
          </reporter-output>
        </test-method> <!-- titleVerification -->
      </class> <!-- testcases.UrlTitle -->
      <class name="testcases.ProfileTestNG">
        <test-method status="PASS" signature="projectclick()[pri:1, instance:testcases.ProfileTestNG@239963d8]" name="projectclick" duration-ms="14098" started-at="2021-06-11T04:25:10Z" finished-at="2021-06-11T04:25:24Z">
          <reporter-output>
          </reporter-output>
        </test-method> <!-- projectclick -->
        <test-method status="PASS" signature="addNameInNewProject()[pri:2, instance:testcases.ProfileTestNG@239963d8]" name="addNameInNewProject" duration-ms="11150" started-at="2021-06-11T04:25:36Z" finished-at="2021-06-11T04:25:47Z">
          <reporter-output>
          </reporter-output>
        </test-method> <!-- addNameInNewProject -->
        <test-method status="PASS" signature="projectNamefieldpresent()[pri:3, instance:testcases.ProfileTestNG@239963d8]" name="projectNamefieldpresent" duration-ms="62" started-at="2021-06-11T04:25:47Z" finished-at="2021-06-11T04:25:47Z">
          <reporter-output>
          </reporter-output>
        </test-method> <!-- projectNamefieldpresent -->
        <test-method status="PASS" signature="selectClientSelected()[pri:4, instance:testcases.ProfileTestNG@239963d8]" name="selectClientSelected" duration-ms="4523" started-at="2021-06-11T04:25:56Z" finished-at="2021-06-11T04:26:00Z">
          <reporter-output>
          </reporter-output>
        </test-method> <!-- selectClientSelected -->
        <test-method status="PASS" signature="selectProjectStartDate()[pri:5, instance:testcases.ProfileTestNG@239963d8]" name="selectProjectStartDate" duration-ms="4306" started-at="2021-06-11T04:26:00Z" finished-at="2021-06-11T04:26:04Z">
          <reporter-output>
          </reporter-output>
        </test-method> <!-- selectProjectStartDate -->
        <test-method status="PASS" signature="selectProjectendtDate()[pri:6, instance:testcases.ProfileTestNG@239963d8]" name="selectProjectendtDate" duration-ms="4250" started-at="2021-06-11T04:26:05Z" finished-at="2021-06-11T04:26:10Z">
          <reporter-output>
          </reporter-output>
        </test-method> <!-- selectProjectendtDate -->
        <test-method status="PASS" signature="checkRadioButton()[pri:7, instance:testcases.ProfileTestNG@239963d8]" name="checkRadioButton" duration-ms="8474" started-at="2021-06-11T04:26:10Z" finished-at="2021-06-11T04:26:18Z">
          <reporter-output>
          </reporter-output>
        </test-method> <!-- checkRadioButton -->
        <test-method status="PASS" signature="ProjectSave()[pri:8, instance:testcases.ProfileTestNG@239963d8]" name="ProjectSave" duration-ms="7708" started-at="2021-06-11T04:26:22Z" finished-at="2021-06-11T04:26:30Z">
          <reporter-output>
          </reporter-output>
        </test-method> <!-- ProjectSave -->
      </class> <!-- testcases.ProfileTestNG -->
      <class name="testcases.TaskTestng">
        <test-method status="PASS" signature="validUserPswd()[pri:1, instance:testcases.TaskTestng@598067a5]" name="validUserPswd" duration-ms="23455" started-at="2021-06-11T04:25:10Z" finished-at="2021-06-11T04:25:33Z">
          <reporter-output>
          </reporter-output>
        </test-method> <!-- validUserPswd -->
        <test-method status="PASS" signature="tasks()[pri:2, instance:testcases.TaskTestng@598067a5]" name="tasks" duration-ms="5146" started-at="2021-06-11T04:25:36Z" finished-at="2021-06-11T04:25:41Z">
          <reporter-output>
          </reporter-output>
        </test-method> <!-- tasks -->
        <test-method status="PASS" signature="newtasks()[pri:3, instance:testcases.TaskTestng@598067a5]" name="newtasks" duration-ms="4275" started-at="2021-06-11T04:25:47Z" finished-at="2021-06-11T04:25:51Z">
          <reporter-output>
          </reporter-output>
        </test-method> <!-- newtasks -->
        <test-method status="PASS" signature="taskName()[pri:4, instance:testcases.TaskTestng@598067a5]" name="taskName" duration-ms="4224" started-at="2021-06-11T04:25:56Z" finished-at="2021-06-11T04:26:00Z">
          <reporter-output>
          </reporter-output>
        </test-method> <!-- taskName -->
        <test-method status="PASS" signature="relatedTo()[pri:5, instance:testcases.TaskTestng@598067a5]" name="relatedTo" duration-ms="4337" started-at="2021-06-11T04:26:00Z" finished-at="2021-06-11T04:26:04Z">
          <reporter-output>
          </reporter-output>
        </test-method> <!-- relatedTo -->
        <test-method status="PASS" signature="dueDatee()[pri:6, instance:testcases.TaskTestng@598067a5]" name="dueDatee" duration-ms="4255" started-at="2021-06-11T04:26:05Z" finished-at="2021-06-11T04:26:10Z">
          <reporter-output>
          </reporter-output>
        </test-method> <!-- dueDatee -->
        <test-method status="PASS" signature="taskSave()[pri:7, instance:testcases.TaskTestng@598067a5]" name="taskSave" duration-ms="12236" started-at="2021-06-11T04:26:10Z" finished-at="2021-06-11T04:26:22Z">
          <reporter-output>
          </reporter-output>
        </test-method> <!-- taskSave -->
      </class> <!-- testcases.TaskTestng -->
      <class name="testcases.ProjectSearchTestng">
        <test-method status="PASS" signature="validUserPswd()[pri:1, instance:testcases.ProjectSearchTestng@3abbfa04]" name="validUserPswd" duration-ms="24751" started-at="2021-06-11T04:25:10Z" finished-at="2021-06-11T04:25:34Z">
          <reporter-output>
          </reporter-output>
        </test-method> <!-- validUserPswd -->
        <test-method status="PASS" signature="projectclick()[pri:2, instance:testcases.ProjectSearchTestng@3abbfa04]" name="projectclick" duration-ms="10391" started-at="2021-06-11T04:25:36Z" finished-at="2021-06-11T04:25:46Z">
          <reporter-output>
          </reporter-output>
        </test-method> <!-- projectclick -->
        <test-method status="PASS" signature="projectSearch()[pri:3, instance:testcases.ProjectSearchTestng@3abbfa04]" name="projectSearch" duration-ms="8388" started-at="2021-06-11T04:25:47Z" finished-at="2021-06-11T04:25:56Z">
          <reporter-output>
          </reporter-output>
        </test-method> <!-- projectSearch -->
        <test-method status="PASS" signature="checkProjectName()[pri:4, instance:testcases.ProjectSearchTestng@3abbfa04]" name="checkProjectName" duration-ms="65" started-at="2021-06-11T04:25:56Z" finished-at="2021-06-11T04:25:56Z">
          <reporter-output>
          </reporter-output>
        </test-method> <!-- checkProjectName -->
        <test-method status="PASS" signature="checkProject()[pri:5, instance:testcases.ProjectSearchTestng@3abbfa04]" name="checkProject" duration-ms="5232" started-at="2021-06-11T04:26:00Z" finished-at="2021-06-11T04:26:05Z">
          <reporter-output>
          </reporter-output>
        </test-method> <!-- checkProject -->
      </class> <!-- testcases.ProjectSearchTestng -->
      <class name="testcases.SignOutTestng">
        <test-method status="PASS" signature="validUserPswd()[pri:1, instance:testcases.SignOutTestng@3c0ecd4b]" name="validUserPswd" duration-ms="26502" started-at="2021-06-11T04:25:10Z" finished-at="2021-06-11T04:25:36Z">
          <reporter-output>
          </reporter-output>
        </test-method> <!-- validUserPswd -->
        <test-method status="PASS" signature="SignOut()[pri:2, instance:testcases.SignOutTestng@3c0ecd4b]" name="SignOut" duration-ms="9801" started-at="2021-06-11T04:25:36Z" finished-at="2021-06-11T04:25:46Z">
          <reporter-output>
          </reporter-output>
        </test-method> <!-- SignOut -->
      </class> <!-- testcases.SignOutTestng -->
      <class name="testcases.BugTestng">
        <test-method status="PASS" signature="beforeTest()[pri:0, instance:testcases.BugTestng@57fffcd7]" name="beforeTest" is-config="true" duration-ms="3068" started-at="2021-06-11T04:24:46Z" finished-at="2021-06-11T04:24:49Z">
          <reporter-output>
          </reporter-output>
        </test-method> <!-- beforeTest -->
        <test-method status="PASS" signature="beforeTest()[pri:0, instance:testcases.OpportunitiesTestng@31ef45e3]" name="beforeTest" is-config="true" duration-ms="2157" started-at="2021-06-11T04:24:49Z" finished-at="2021-06-11T04:24:51Z">
          <reporter-output>
          </reporter-output>
        </test-method> <!-- beforeTest -->
        <test-method status="PASS" signature="beforeTest()[pri:0, instance:testcases.ProfileTestNG@239963d8]" name="beforeTest" is-config="true" duration-ms="6295" started-at="2021-06-11T04:24:51Z" finished-at="2021-06-11T04:24:57Z">
          <reporter-output>
          </reporter-output>
        </test-method> <!-- beforeTest -->
        <test-method status="PASS" signature="beforeTest()[pri:0, instance:testcases.ProjectSearchTestng@3abbfa04]" name="beforeTest" is-config="true" duration-ms="2211" started-at="2021-06-11T04:24:57Z" finished-at="2021-06-11T04:25:00Z">
          <reporter-output>
          </reporter-output>
        </test-method> <!-- beforeTest -->
        <test-method status="PASS" signature="beforeTest()[pri:0, instance:testcases.SignOutTestng@3c0ecd4b]" name="beforeTest" is-config="true" duration-ms="2503" started-at="2021-06-11T04:25:00Z" finished-at="2021-06-11T04:25:02Z">
          <reporter-output>
          </reporter-output>
        </test-method> <!-- beforeTest -->
        <test-method status="PASS" signature="beforeTest()[pri:0, instance:testcases.TaskTestng@598067a5]" name="beforeTest" is-config="true" duration-ms="2277" started-at="2021-06-11T04:25:02Z" finished-at="2021-06-11T04:25:04Z">
          <reporter-output>
          </reporter-output>
        </test-method> <!-- beforeTest -->
        <test-method status="PASS" signature="beforeTest()[pri:0, instance:testcases.TestLogin@13deb50e]" name="beforeTest" is-config="true" duration-ms="2840" started-at="2021-06-11T04:25:04Z" finished-at="2021-06-11T04:25:07Z">
          <reporter-output>
          </reporter-output>
        </test-method> <!-- beforeTest -->
        <test-method status="PASS" signature="beforeTest()[pri:0, instance:testcases.UrlTitle@f6c48ac]" name="beforeTest" is-config="true" duration-ms="2182" started-at="2021-06-11T04:25:07Z" finished-at="2021-06-11T04:25:09Z">
          <reporter-output>
          </reporter-output>
        </test-method> <!-- beforeTest -->
        <test-method status="PASS" signature="validUserPswd()[pri:1, instance:testcases.BugTestng@57fffcd7]" name="validUserPswd" duration-ms="19996" started-at="2021-06-11T04:25:10Z" finished-at="2021-06-11T04:25:30Z">
          <reporter-output>
          </reporter-output>
        </test-method> <!-- validUserPswd -->
        <test-method status="PASS" signature="bugtab()[pri:2, instance:testcases.BugTestng@57fffcd7]" name="bugtab" duration-ms="8504" started-at="2021-06-11T04:25:36Z" finished-at="2021-06-11T04:25:45Z">
          <reporter-output>
          </reporter-output>
        </test-method> <!-- bugtab -->
        <test-method status="PASS" signature="newbug()[pri:3, instance:testcases.BugTestng@57fffcd7]" name="newbug" duration-ms="3165" started-at="2021-06-11T04:25:47Z" finished-at="2021-06-11T04:25:50Z">
          <reporter-output>
          </reporter-output>
        </test-method> <!-- newbug -->
        <test-method status="PASS" signature="issue()[pri:4, instance:testcases.BugTestng@57fffcd7]" name="issue" duration-ms="3239" started-at="2021-06-11T04:25:56Z" finished-at="2021-06-11T04:25:59Z">
          <reporter-output>
          </reporter-output>
        </test-method> <!-- issue -->
        <test-method status="PASS" signature="budTittle()[pri:5, instance:testcases.BugTestng@57fffcd7]" name="budTittle" duration-ms="3273" started-at="2021-06-11T04:26:00Z" finished-at="2021-06-11T04:26:03Z">
          <reporter-output>
          </reporter-output>
        </test-method> <!-- budTittle -->
        <test-method status="PASS" signature="budrelated()[pri:6, instance:testcases.BugTestng@57fffcd7]" name="budrelated" duration-ms="3265" started-at="2021-06-11T04:26:05Z" finished-at="2021-06-11T04:26:09Z">
          <reporter-output>
          </reporter-output>
        </test-method> <!-- budrelated -->
        <test-method status="PASS" signature="savebug()[pri:7, instance:testcases.BugTestng@57fffcd7]" name="savebug" duration-ms="12253" started-at="2021-06-11T04:26:10Z" finished-at="2021-06-11T04:26:22Z">
          <reporter-output>
          </reporter-output>
        </test-method> <!-- savebug -->
        <test-method status="PASS" signature="afterTest()[pri:0, instance:testcases.BugTestng@57fffcd7]" name="afterTest" is-config="true" duration-ms="113" started-at="2021-06-11T04:26:30Z" finished-at="2021-06-11T04:26:30Z">
          <reporter-output>
          </reporter-output>
        </test-method> <!-- afterTest -->
        <test-method status="PASS" signature="afterTest()[pri:0, instance:testcases.OpportunitiesTestng@31ef45e3]" name="afterTest" is-config="true" duration-ms="141" started-at="2021-06-11T04:26:30Z" finished-at="2021-06-11T04:26:30Z">
          <reporter-output>
          </reporter-output>
        </test-method> <!-- afterTest -->
        <test-method status="PASS" signature="afterTest()[pri:0, instance:testcases.ProfileTestNG@239963d8]" name="afterTest" is-config="true" duration-ms="96" started-at="2021-06-11T04:26:30Z" finished-at="2021-06-11T04:26:30Z">
          <reporter-output>
          </reporter-output>
        </test-method> <!-- afterTest -->
        <test-method status="PASS" signature="afterTest()[pri:0, instance:testcases.ProjectSearchTestng@3abbfa04]" name="afterTest" is-config="true" duration-ms="92" started-at="2021-06-11T04:26:30Z" finished-at="2021-06-11T04:26:30Z">
          <reporter-output>
          </reporter-output>
        </test-method> <!-- afterTest -->
        <test-method status="PASS" signature="afterTest()[pri:0, instance:testcases.SignOutTestng@3c0ecd4b]" name="afterTest" is-config="true" duration-ms="697" started-at="2021-06-11T04:26:30Z" finished-at="2021-06-11T04:26:31Z">
          <reporter-output>
          </reporter-output>
        </test-method> <!-- afterTest -->
        <test-method status="PASS" signature="afterTest()[pri:0, instance:testcases.TaskTestng@598067a5]" name="afterTest" is-config="true" duration-ms="63" started-at="2021-06-11T04:26:31Z" finished-at="2021-06-11T04:26:31Z">
          <reporter-output>
          </reporter-output>
        </test-method> <!-- afterTest -->
        <test-method status="PASS" signature="afterTest()[pri:0, instance:testcases.TestLogin@13deb50e]" name="afterTest" is-config="true" duration-ms="66" started-at="2021-06-11T04:26:31Z" finished-at="2021-06-11T04:26:31Z">
          <reporter-output>
          </reporter-output>
        </test-method> <!-- afterTest -->
        <test-method status="PASS" signature="afterTest()[pri:0, instance:testcases.UrlTitle@f6c48ac]" name="afterTest" is-config="true" duration-ms="117" started-at="2021-06-11T04:26:31Z" finished-at="2021-06-11T04:26:31Z">
          <reporter-output>
          </reporter-output>
        </test-method> <!-- afterTest -->
      </class> <!-- testcases.BugTestng -->
      <class name="testcases.OpportunitiesTestng">
        <test-method status="PASS" signature="validUserPswd()[pri:1, instance:testcases.OpportunitiesTestng@31ef45e3]" name="validUserPswd" duration-ms="24610" started-at="2021-06-11T04:25:10Z" finished-at="2021-06-11T04:25:34Z">
          <reporter-output>
          </reporter-output>
        </test-method> <!-- validUserPswd -->
        <test-method status="PASS" signature="opportunitiesopen()[pri:2, instance:testcases.OpportunitiesTestng@31ef45e3]" name="opportunitiesopen" duration-ms="9383" started-at="2021-06-11T04:25:36Z" finished-at="2021-06-11T04:25:45Z">
          <reporter-output>
          </reporter-output>
        </test-method> <!-- opportunitiesopen -->
        <test-method status="PASS" signature="newOpportunities()[pri:3, instance:testcases.OpportunitiesTestng@31ef45e3]" name="newOpportunities" duration-ms="4648" started-at="2021-06-11T04:25:47Z" finished-at="2021-06-11T04:25:52Z">
          <reporter-output>
          </reporter-output>
        </test-method> <!-- newOpportunities -->
      </class> <!-- testcases.OpportunitiesTestng -->
    </test> <!-- Test -->
  </suite> <!-- Suite -->
</testng-results>
